<?xml version="1.0" encoding="UTF-8"?>
<!-- Generated by org.testng.reporters.JUnitReportReporter -->
<testsuite hostname="DESKTOP-DA4AKM5" failures="0" tests="4" name="project.website" time="34.287" errors="0" timestamp="2022-02-14T20:52:37 IST" skipped="0">
  <testcase classname="project.website" name="a" time="9.619"/>
  <system-out/>
  <testcase classname="project.website" name="b" time="16.013"/>
  <system-out/>
  <testcase classname="project.website" name="c" time="5.556"/>
  <system-out/>
  <testcase classname="project.website" name="d" time="3.099"/>
  <system-out/>
</testsuite> <!-- project.website -->
